<?xml version="1.0" encoding="UTF-8"?>
<!-- Generated by org.testng.reporters.JUnitReportReporter -->
<testsuite hostname="DESKTOP-CTNIRRU" failures="0" tests="2" name="testClasses.DashBoardPageTC" time="2.555" errors="0" timestamp="2025-02-05T09:26:56 IST" skipped="0">
  <testcase classname="testClasses.DashBoardPageTC" name="textValidation" time="1.465"/>
  <testcase classname="testClasses.DashBoardPageTC" name="validateTimeAtWork" time="1.090"/>
</testsuite> <!-- testClasses.DashBoardPageTC -->
