<?xml version="1.0" encoding="UTF-8"?>
<!-- Generated by org.testng.reporters.JUnitReportReporter -->
<testsuite hostname="DESKTOP-CTNIRRU" failures="0" tests="4" name="testNG.TestNGBasic" time="1.393" errors="0" timestamp="2025-01-31T09:40:17 IST" skipped="0">
  <testcase classname="testNG.TestNGBasic" name="testMet" time="0.447"/>
  <testcase classname="testNG.TestNGBasic" name="checkTitle" time="0.043"/>
  <testcase classname="testNG.TestNGBasic" name="checkSubTitle" time="0.087"/>
  <testcase classname="testNG.TestNGBasic" name="testMet2" time="0.816"/>
</testsuite> <!-- testNG.TestNGBasic -->
