<?xml version="1.0" encoding="UTF-8"?>
<!-- Generated by org.testng.reporters.JUnitReportReporter -->
<testsuite hostname="DESKTOP-CTNIRRU" failures="0" tests="1" name="testClasses.LoginTest4" time="0.388" errors="0" timestamp="2025-02-05T09:26:56 IST" skipped="0">
  <testcase classname="testClasses.LoginTest4" name="login" time="0.388"/>
</testsuite> <!-- testClasses.LoginTest4 -->
