<?xml version="1.0" encoding="UTF-8"?>
<!-- Generated by org.testng.reporters.JUnitReportReporter -->
<testsuite hostname="DESKTOP-CTNIRRU" failures="0" tests="3" name="testNG.TestNGLearn" time="99.995" errors="0" timestamp="2025-01-31T09:14:56 IST" skipped="0">
  <testcase classname="testNG.TestNGLearn" name="testMethod" time="11.182"/>
  <testcase classname="testNG.TestNGLearn" name="testMethod2" time="77.516"/>
  <testcase classname="testNG.TestNGLearn" name="testMethod1" time="11.297"/>
</testsuite> <!-- testNG.TestNGLearn -->
