<?xml version="1.0" encoding="UTF-8"?>
<!-- Generated by org.testng.reporters.JUnitReportReporter -->
<testsuite hostname="DESKTOP-CTNIRRU" failures="0" tests="1" name="baseClasses.BaseClass" time="0.013" errors="0" timestamp="2025-02-01T08:27:45 IST" skipped="0">
  <testcase classname="baseClasses.BaseClass" name="test" time="0.013"/>
</testsuite> <!-- baseClasses.BaseClass -->
