<?xml version="1.0" encoding="UTF-8"?>
<!-- Generated by org.testng.reporters.JUnitReportReporter -->
<testsuite hostname="DESKTOP-CTNIRRU" failures="0" tests="3" name="dataProviderLearn.DataProviderWithSelenium" time="15.699" errors="0" timestamp="2025-02-03T08:47:19 IST" skipped="0">
  <testcase classname="dataProviderLearn.DataProviderWithSelenium" name="dataRead" time="4.319"/>
  <testcase classname="dataProviderLearn.DataProviderWithSelenium" name="dataRead" time="5.576"/>
  <testcase classname="dataProviderLearn.DataProviderWithSelenium" name="dataRead" time="5.804"/>
</testsuite> <!-- dataProviderLearn.DataProviderWithSelenium -->
