<?xml version="1.0" encoding="UTF-8"?>
<!-- Generated by org.testng.reporters.JUnitReportReporter -->
<testsuite hostname="DESKTOP-CTNIRRU" failures="0" tests="5" name="testNG.TestParameters" time="0.024" errors="0" timestamp="2025-02-03T09:11:41 IST" skipped="0">
  <testcase classname="testNG.TestParameters" name="testMet2" time="0.015"/>
  <testcase classname="testNG.TestParameters" name="testMet1" time="0.003"/>
  <testcase classname="testNG.TestParameters" name="testMet3" time="0.001"/>
  <testcase classname="testNG.TestParameters" name="testMet" time="0.002"/>
  <testcase classname="testNG.TestParameters" name="testMet4" time="0.003"/>
</testsuite> <!-- testNG.TestParameters -->
