<?xml version="1.0" encoding="UTF-8"?>
<!-- Generated by org.testng.reporters.JUnitReportReporter -->
<testsuite hostname="DESKTOP-CTNIRRU" failures="0" tests="1" name="testClasses.LoginTest2" time="0.393" errors="0" timestamp="2025-02-05T09:26:56 IST" skipped="0">
  <testcase classname="testClasses.LoginTest2" name="login" time="0.393"/>
</testsuite> <!-- testClasses.LoginTest2 -->
